[    0.000000] Linux version 4.15.0-70-generic (buildd@lgw01-amd64-055) (gcc version 7.4.0 (Ubuntu 7.4.0-1ubuntu1~18.04.1)) #79-Ubuntu SMP Tue Nov 12 10:36:11 UTC 2019 (Ubuntu 4.15.0-70.79-generic 4.15.18)
[    0.000000] Command line: BOOT_IMAGE=/boot/vmlinuz-4.15.0-70-generic root=LABEL=cloudimg-rootfs ro console=tty1 console=ttyS0
[    0.000000] KERNEL supported cpus:
[    0.000000]   Intel GenuineIntel
[    0.000000]   AMD AuthenticAMD
[    0.000000]   Centaur CentaurHauls
[    0.000000] [Firmware Bug]: TSC doesn't count with P0 frequency!
[    0.000000] x86/fpu: Supporting XSAVE feature 0x001: 'x87 floating point registers'
[    0.000000] x86/fpu: Supporting XSAVE feature 0x002: 'SSE registers'
[    0.000000] x86/fpu: Supporting XSAVE feature 0x004: 'AVX registers'
[    0.000000] x86/fpu: xstate_offset[2]:  576, xstate_sizes[2]:  256
[    0.000000] x86/fpu: Enabled xstate features 0x7, context size is 832 bytes, using 'standard' format.
[    0.000000] e820: BIOS-provided physical RAM map:
[    0.000000] BIOS-e820: [mem 0x0000000000000000-0x000000000009fbff] usable
[    0.000000] BIOS-e820: [mem 0x000000000009fc00-0x000000000009ffff] reserved
[    0.000000] BIOS-e820: [mem 0x00000000000f0000-0x00000000000fffff] reserved
[    0.000000] BIOS-e820: [mem 0x0000000000100000-0x000000003ffeffff] usable
[    0.000000] BIOS-e820: [mem 0x000000003fff0000-0x000000003fffffff] ACPI data
[    0.000000] BIOS-e820: [mem 0x00000000fec00000-0x00000000fec00fff] reserved
[    0.000000] BIOS-e820: [mem 0x00000000fee00000-0x00000000fee00fff] reserved
[    0.000000] BIOS-e820: [mem 0x00000000fffc0000-0x00000000ffffffff] reserved
[    0.000000] NX (Execute Disable) protection: active
[    0.000000] SMBIOS 2.5 present.
[    0.000000] DMI: innotek GmbH VirtualBox/VirtualBox, BIOS VirtualBox 12/01/2006
[    0.000000] Hypervisor detected: KVM
[    0.000000] e820: last_pfn = 0x3fff0 max_arch_pfn = 0x400000000
[    0.000000] MTRR: Disabled
[    0.000000] x86/PAT: MTRRs disabled, skipping PAT initialization too.
[    0.000000] CPU MTRRs all blank - virtualized system.
[    0.000000] x86/PAT: Configuration [0-7]: WB  WT  UC- UC  WB  WT  UC- UC  
[    0.000000] found SMP MP-table at [mem 0x0009fff0-0x0009ffff]
[    0.000000] Scanning 1 areas for low memory corruption
[    0.000000] RAMDISK: [mem 0x35a89000-0x36d3bfff]
[    0.000000] ACPI: Early table checksum verification disabled
[    0.000000] ACPI: RSDP 0x00000000000E0000 000024 (v02 VBOX  )
[    0.000000] ACPI: XSDT 0x000000003FFF0030 00003C (v01 VBOX   VBOXXSDT 00000001 ASL  00000061)
[    0.000000] ACPI: FACP 0x000000003FFF00F0 0000F4 (v04 VBOX   VBOXFACP 00000001 ASL  00000061)
[    0.000000] ACPI: DSDT 0x000000003FFF0470 0022EA (v02 VBOX   VBOXBIOS 00000002 INTL 20180105)
[    0.000000] ACPI: FACS 0x000000003FFF0200 000040
[    0.000000] ACPI: FACS 0x000000003FFF0200 000040
[    0.000000] ACPI: APIC 0x000000003FFF0240 000054 (v02 VBOX   VBOXAPIC 00000001 ASL  00000061)
[    0.000000] ACPI: SSDT 0x000000003FFF02A0 0001CC (v01 VBOX   VBOXCPUT 00000002 INTL 20180105)
[    0.000000] No NUMA configuration found
[    0.000000] Faking a node at [mem 0x0000000000000000-0x000000003ffeffff]
[    0.000000] NODE_DATA(0) allocated [mem 0x3ffc5000-0x3ffeffff]
[    0.000000] kvm-clock: cpu 0, msr 0:3ff44001, primary cpu clock
[    0.000000] kvm-clock: Using msrs 4b564d01 and 4b564d00
[    0.000000] kvm-clock: using sched offset of 3225883843 cycles
[    0.000000] clocksource: kvm-clock: mask: 0xffffffffffffffff max_cycles: 0x1cd42e4dffb, max_idle_ns: 881590591483 ns
[    0.000000] Zone ranges:
[    0.000000]   DMA      [mem 0x0000000000001000-0x0000000000ffffff]
[    0.000000]   DMA32    [mem 0x0000000001000000-0x000000003ffeffff]
[    0.000000]   Normal   empty
[    0.000000]   Device   empty
[    0.000000] Movable zone start for each node
[    0.000000] Early memory node ranges
[    0.000000]   node   0: [mem 0x0000000000001000-0x000000000009efff]
[    0.000000]   node   0: [mem 0x0000000000100000-0x000000003ffeffff]
[    0.000000] Reserved but unavailable: 98 pages
[    0.000000] Initmem setup node 0 [mem 0x0000000000001000-0x000000003ffeffff]
[    0.000000] ACPI: PM-Timer IO Port: 0x4008
[    0.000000] IOAPIC[0]: apic_id 1, version 32, address 0xfec00000, GSI 0-23
[    0.000000] ACPI: INT_SRC_OVR (bus 0 bus_irq 0 global_irq 2 dfl dfl)
[    0.000000] ACPI: INT_SRC_OVR (bus 0 bus_irq 9 global_irq 9 low level)
[    0.000000] Using ACPI (MADT) for SMP configuration information
[    0.000000] smpboot: Allowing 1 CPUs, 0 hotplug CPUs
[    0.000000] PM: Registered nosave memory: [mem 0x00000000-0x00000fff]
[    0.000000] PM: Registered nosave memory: [mem 0x0009f000-0x0009ffff]
[    0.000000] PM: Registered nosave memory: [mem 0x000a0000-0x000effff]
[    0.000000] PM: Registered nosave memory: [mem 0x000f0000-0x000fffff]
[    0.000000] e820: [mem 0x40000000-0xfebfffff] available for PCI devices
[    0.000000] Booting paravirtualized kernel on KVM
[    0.000000] clocksource: refined-jiffies: mask: 0xffffffff max_cycles: 0xffffffff, max_idle_ns: 7645519600211568 ns
[    0.000000] random: get_random_bytes called from start_kernel+0x99/0x4fd with crng_init=0
[    0.000000] setup_percpu: NR_CPUS:8192 nr_cpumask_bits:1 nr_cpu_ids:1 nr_node_ids:1
[    0.000000] percpu: Embedded 45 pages/cpu s147456 r8192 d28672 u2097152
[    0.000000] PV qspinlock hash table entries: 256 (order: 0, 4096 bytes)
[    0.000000] Built 1 zonelists, mobility grouping on.  Total pages: 257913
[    0.000000] Policy zone: DMA32
[    0.000000] Kernel command line: BOOT_IMAGE=/boot/vmlinuz-4.15.0-70-generic root=LABEL=cloudimg-rootfs ro console=tty1 console=ttyS0
[    0.000000] Memory: 983620K/1048120K available (12300K kernel code, 2481K rwdata, 4264K rodata, 2432K init, 2388K bss, 64500K reserved, 0K cma-reserved)
[    0.000000] SLUB: HWalign=64, Order=0-3, MinObjects=0, CPUs=1, Nodes=1
[    0.000000] ftrace: allocating 39315 entries in 154 pages
[    0.004000] Hierarchical RCU implementation.
[    0.004000] 	RCU restricting CPUs from NR_CPUS=8192 to nr_cpu_ids=1.
[    0.004000] 	Tasks RCU enabled.
[    0.004000] RCU: Adjusting geometry for rcu_fanout_leaf=16, nr_cpu_ids=1
[    0.004000] NR_IRQS: 524544, nr_irqs: 256, preallocated irqs: 16
[    0.004000] Console: colour VGA+ 80x25
[    0.004000] console [tty1] enabled
[    0.004000] console [ttyS0] enabled
[    0.004000] ACPI: Core revision 20170831
[    0.004000] ACPI: 2 ACPI AML tables successfully acquired and loaded
[    0.004000] APIC: Switch to symmetric I/O mode setup
[    0.004000] x2apic enabled
[    0.004000] Switched APIC routing to physical x2apic.
[    0.004000] ..TIMER: vector=0x30 apic1=0 pin1=2 apic2=-1 pin2=-1
[    0.004000] tsc: Detected 3593.246 MHz processor
[    0.004000] Calibrating delay loop (skipped) preset value.. 7186.49 BogoMIPS (lpj=14372984)
[    0.004005] pid_max: default: 32768 minimum: 301
[    0.004723] Security Framework initialized
[    0.005072] Yama: becoming mindful.
[    0.005482] AppArmor: AppArmor initialized
[    0.006582] Dentry cache hash table entries: 131072 (order: 8, 1048576 bytes)
[    0.007361] Inode-cache hash table entries: 65536 (order: 7, 524288 bytes)
[    0.008089] Mount-cache hash table entries: 2048 (order: 2, 16384 bytes)
[    0.008712] Mountpoint-cache hash table entries: 2048 (order: 2, 16384 bytes)
[    0.009773] CPU0: Hyper-Threading is disabled
[    0.010324] Last level iTLB entries: 4KB 1024, 2MB 1024, 4MB 512
[    0.010877] Last level dTLB entries: 4KB 1536, 2MB 1536, 4MB 768, 1GB 0
[    0.011445] Spectre V1 : Mitigation: usercopy/swapgs barriers and __user pointer sanitization
[    0.012008] Spectre V2 : Spectre mitigation: LFENCE not serializing, switching to generic retpoline
[    0.012839] Spectre V2 : Mitigation: Full generic retpoline
[    0.013346] Spectre V2 : Spectre v2 / SpectreRSB mitigation: Filling RSB on context switch
[    0.014056] Speculative Store Bypass: Mitigation: Speculative Store Bypass disabled via prctl and seccomp
[    0.019225] Freeing SMP alternatives memory: 36K
[    0.129721] smpboot: CPU0: AMD Ryzen 5 2400G with Radeon Vega Graphics (family: 0x17, model: 0x11, stepping: 0x0)
[    0.130912] Performance Events: PMU not available due to virtualization, using software events only.
[    0.131880] Hierarchical SRCU implementation.
[    0.132000] NMI watchdog: Perf event create on CPU 0 failed with -2
[    0.132002] NMI watchdog: Perf NMI watchdog permanently disabled
[    0.132534] smp: Bringing up secondary CPUs ...
[    0.132953] smp: Brought up 1 node, 1 CPU
[    0.133269] smpboot: Max logical packages: 1
[    0.133606] smpboot: Total of 1 processors activated (7186.49 BogoMIPS)
[    0.134269] devtmpfs: initialized
[    0.134609] x86/mm: Memory block size: 128MB
[    0.135161] evm: security.selinux
[    0.136003] evm: security.SMACK64
[    0.136282] evm: security.SMACK64EXEC
[    0.136590] evm: security.SMACK64TRANSMUTE
[    0.136919] evm: security.SMACK64MMAP
[    0.137240] evm: security.apparmor
[    0.137556] evm: security.ima
[    0.137809] evm: security.capability
[    0.138292] clocksource: jiffies: mask: 0xffffffff max_cycles: 0xffffffff, max_idle_ns: 7645041785100000 ns
[    0.139001] futex hash table entries: 256 (order: 2, 16384 bytes)
[    0.139546] pinctrl core: initialized pinctrl subsystem
[    0.140000] RTC time:  0:12:05, date: 01/28/20
[    0.140000] NET: Registered protocol family 16
[    0.140096] audit: initializing netlink subsys (disabled)
[    0.140789] cpuidle: using governor ladder
[    0.141125] cpuidle: using governor menu
[    0.141648] ACPI: bus type PCI registered
[    0.141975] acpiphp: ACPI Hot Plug PCI Controller Driver version: 0.5
[    0.142583] PCI: Using configuration type 1 for base access
[    0.143027] PCI: Using configuration type 1 for extended access
[    0.143494] audit: type=2000 audit(1580170330.008:1): state=initialized audit_enabled=0 res=1
[    0.145130] HugeTLB registered 2.00 MiB page size, pre-allocated 0 pages
[    0.146460] ACPI: Added _OSI(Module Device)
[    0.146831] ACPI: Added _OSI(Processor Device)
[    0.148007] ACPI: Added _OSI(3.0 _SCP Extensions)
[    0.148375] ACPI: Added _OSI(Processor Aggregator Device)
[    0.148875] ACPI: Added _OSI(Linux-Dell-Video)
[    0.149237] ACPI: Added _OSI(Linux-Lenovo-NV-HDMI-Audio)
[    0.149675] ACPI: Added _OSI(Linux-HPI-Hybrid-Graphics)
[    0.150256] ACPI: Executed 1 blocks of module-level executable AML code
[    0.153301] ACPI: Interpreter enabled
[    0.153643] ACPI: (supports S0 S5)
[    0.153935] ACPI: Using IOAPIC for interrupt routing
[    0.154541] PCI: Using host bridge windows from ACPI; if necessary, use "pci=nocrs" and report a bug
[    0.155330] ACPI: Enabled 2 GPEs in block 00 to 07
[    0.160654] ACPI: PCI Root Bridge [PCI0] (domain 0000 [bus 00-ff])
[    0.161158] acpi PNP0A03:00: _OSC: OS supports [ExtendedConfig ASPM ClockPM Segments MSI]
[    0.162635] acpi PNP0A03:00: _OSC: platform does not support [PCIeCapability]
[    0.163570] acpi PNP0A03:00: _OSC: not requesting control; platform does not support [PCIeCapability]
[    0.164003] acpi PNP0A03:00: _OSC: OS requested [PCIeHotplug PME AER PCIeCapability]
[    0.164608] acpi PNP0A03:00: _OSC: platform willing to grant [PCIeHotplug PME AER]
[    0.165164] acpi PNP0A03:00: _OSC failed (AE_SUPPORT); disabling ASPM
[    0.165869] PCI host bridge to bus 0000:00
[    0.166198] pci_bus 0000:00: root bus resource [io  0x0000-0x0cf7 window]
[    0.166726] pci_bus 0000:00: root bus resource [io  0x0d00-0xffff window]
[    0.168003] pci_bus 0000:00: root bus resource [mem 0x000a0000-0x000bffff window]
[    0.169064] pci_bus 0000:00: root bus resource [mem 0x40000000-0xfdffffff window]
[    0.169715] pci_bus 0000:00: root bus resource [bus 00-ff]
[    0.171171] pci 0000:00:01.1: legacy IDE quirk: reg 0x10: [io  0x01f0-0x01f7]
[    0.172003] pci 0000:00:01.1: legacy IDE quirk: reg 0x14: [io  0x03f6]
[    0.172471] pci 0000:00:01.1: legacy IDE quirk: reg 0x18: [io  0x0170-0x0177]
[    0.172988] pci 0000:00:01.1: legacy IDE quirk: reg 0x1c: [io  0x0376]
[    0.197726] pci 0000:00:07.0: quirk: [io  0x4000-0x403f] claimed by PIIX4 ACPI
[    0.198480] pci 0000:00:07.0: quirk: [io  0x4100-0x410f] claimed by PIIX4 SMB
[    0.206934] ACPI: PCI Interrupt Link [LNKA] (IRQs 5 9 10 *11)
[    0.208083] ACPI: PCI Interrupt Link [LNKB] (IRQs 5 9 *10 11)
[    0.208797] ACPI: PCI Interrupt Link [LNKC] (IRQs 5 *9 10 11)
[    0.209513] ACPI: PCI Interrupt Link [LNKD] (IRQs 5 9 10 *11)
[    0.210637] SCSI subsystem initialized
[    0.211182] pci 0000:00:02.0: vgaarb: setting as boot VGA device
[    0.211864] pci 0000:00:02.0: vgaarb: VGA device added: decodes=io+mem,owns=io+mem,locks=none
[    0.212004] pci 0000:00:02.0: vgaarb: bridge control possible
[    0.212530] vgaarb: loaded
[    0.212822] ACPI: bus type USB registered
[    0.213192] usbcore: registered new interface driver usbfs
[    0.213664] usbcore: registered new interface driver hub
[    0.214123] usbcore: registered new device driver usb
[    0.214619] EDAC MC: Ver: 3.0.0
[    0.216215] PCI: Using ACPI for IRQ routing
[    0.216794] NetLabel: Initializing
[    0.217114] NetLabel:  domain hash size = 128
[    0.217500] NetLabel:  protocols = UNLABELED CIPSOv4 CALIPSO
[    0.218003] NetLabel:  unlabeled traffic allowed by default
[    0.218590] clocksource: Switched to clocksource kvm-clock
[    0.235452] VFS: Disk quotas dquot_6.6.0
[    0.235923] VFS: Dquot-cache hash table entries: 512 (order 0, 4096 bytes)
[    0.236677] AppArmor: AppArmor Filesystem Enabled
[    0.237114] pnp: PnP ACPI init
[    0.238155] pnp: PnP ACPI: found 3 devices
[    0.244364] clocksource: acpi_pm: mask: 0xffffff max_cycles: 0xffffff, max_idle_ns: 2085701024 ns
[    0.245273] NET: Registered protocol family 2
[    0.245941] TCP established hash table entries: 8192 (order: 4, 65536 bytes)
[    0.246526] TCP bind hash table entries: 8192 (order: 5, 131072 bytes)
[    0.247063] TCP: Hash tables configured (established 8192 bind 8192)
[    0.247614] UDP hash table entries: 512 (order: 2, 16384 bytes)
[    0.248148] UDP-Lite hash table entries: 512 (order: 2, 16384 bytes)
[    0.248868] NET: Registered protocol family 1
[    0.249378] pci 0000:00:00.0: Limiting direct PCI/PCI transfers
[    0.250026] pci 0000:00:01.0: Activating ISA DMA hang workarounds
[    0.250679] pci 0000:00:02.0: Video device with shadowed ROM at [mem 0x000c0000-0x000dffff]
[    0.251633] Unpacking initramfs...
[    0.497899] Freeing initrd memory: 19148K
[    0.498639] clocksource: tsc: mask: 0xffffffffffffffff max_cycles: 0x33cb66efe9d, max_idle_ns: 440795351205 ns
[    0.499631] platform rtc_cmos: registered platform RTC device (no PNP device found)
[    0.500450] Scanning for low memory corruption every 60 seconds
[    0.501606] Initialise system trusted keyrings
[    0.502127] Key type blacklist registered
[    0.502652] workingset: timestamp_bits=36 max_order=18 bucket_order=0
[    0.504856] zbud: loaded
[    0.506541] squashfs: version 4.0 (2009/01/31) Phillip Lougher
[    0.507560] fuse init (API version 7.26)
[    0.509791] Key type asymmetric registered
[    0.510228] Asymmetric key parser 'x509' registered
[    0.510729] Block layer SCSI generic (bsg) driver version 0.4 loaded (major 246)
[    0.511384] io scheduler noop registered
[    0.511714] io scheduler deadline registered
[    0.512142] io scheduler cfq registered (default)
[    0.512804] ACPI: AC Adapter [AC] (on-line)
[    0.513204] input: Power Button as /devices/LNXSYSTM:00/LNXPWRBN:00/input/input0
[    0.513856] ACPI: Power Button [PWRF]
[    0.514251] input: Sleep Button as /devices/LNXSYSTM:00/LNXSLPBN:00/input/input1
[    0.514802] ACPI: Sleep Button [SLPF]
[    0.515358] Serial: 8250/16550 driver, 32 ports, IRQ sharing enabled
[    0.536249] 00:02: ttyS0 at I/O 0x3f8 (irq = 4, base_baud = 115200) is a 16550A
[    0.538421] Linux agpgart interface v0.103
[    0.540263] loop: module loaded
[    0.541109] scsi host0: ata_piix
[    0.541588] scsi host1: ata_piix
[    0.541919] ata1: PATA max UDMA/33 cmd 0x1f0 ctl 0x3f6 bmdma 0xd000 irq 14
[    0.542461] ata2: PATA max UDMA/33 cmd 0x170 ctl 0x376 bmdma 0xd008 irq 15
[    0.543281] libphy: Fixed MDIO Bus: probed
[    0.543638] tun: Universal TUN/TAP device driver, 1.6
[    0.544087] PPP generic driver version 2.4.2
[    0.544523] ehci_hcd: USB 2.0 'Enhanced' Host Controller (EHCI) Driver
[    0.545026] ehci-pci: EHCI PCI platform driver
[    0.545480] ehci-platform: EHCI generic platform driver
[    0.545940] ohci_hcd: USB 1.1 'Open' Host Controller (OHCI) Driver
[    0.546487] ohci-pci: OHCI PCI platform driver
[    0.546874] ohci-platform: OHCI generic platform driver
[    0.547333] uhci_hcd: USB Universal Host Controller Interface driver
[    0.547864] i8042: PNP: PS/2 Controller [PNP0303:PS2K,PNP0f03:PS2M] at 0x60,0x64 irq 1,12
[    0.549168] serio: i8042 KBD port at 0x60,0x64 irq 1
[    0.549645] serio: i8042 AUX port at 0x60,0x64 irq 12
[    0.550155] mousedev: PS/2 mouse device common for all mice
[    0.550842] input: AT Translated Set 2 keyboard as /devices/platform/i8042/serio0/input/input2
[    0.551881] rtc_cmos rtc_cmos: rtc core: registered rtc_cmos as rtc0
[    0.552492] rtc_cmos rtc_cmos: alarms up to one day, 114 bytes nvram
[    0.553061] i2c /dev entries driver
[    0.553540] device-mapper: uevent: version 1.0.3
[    0.554042] device-mapper: ioctl: 4.37.0-ioctl (2017-09-20) initialised: dm-devel@redhat.com
[    0.554777] ledtrig-cpu: registered to indicate activity on CPUs
[    0.555708] NET: Registered protocol family 10
[    0.559052] Segment Routing with IPv6
[    0.559489] NET: Registered protocol family 17
[    0.559940] Key type dns_resolver registered
[    0.560430] mce: Using 0 MCE banks
[    0.560727] RAS: Correctable Errors collector initialized.
[    0.561145] sched_clock: Marking stable (560298302, 0)->(656159855, -95861553)
[    0.561854] registered taskstats version 1
[    0.562193] Loading compiled-in X.509 certificates
[    0.564350] Loaded X.509 cert 'Build time autogenerated kernel key: 1859b0531897959199376c446a0bd70df75fd1fc'
[    0.565109] zswap: loaded using pool lzo/zbud
[    0.568052] Key type big_key registered
[    0.568460] Key type trusted registered
[    0.570024] Key type encrypted registered
[    0.570402] AppArmor: AppArmor sha1 policy hashing enabled
[    0.570866] ima: No TPM chip found, activating TPM-bypass! (rc=-19)
[    0.571455] ima: Allocated hash algorithm: sha1
[    0.571817] evm: HMAC attrs: 0x1
[    0.572326]   Magic number: 4:238:204
[    0.572704] rtc_cmos rtc_cmos: setting system clock to 2020-01-28 00:12:05 UTC (1580170325)
[    0.573535] BIOS EDD facility v0.16 2004-Jun-25, 0 devices found
[    0.574019] EDD information not available.
[    0.712783] Freeing unused kernel image memory: 2432K
[    0.720064] Write protecting the kernel read-only data: 20480k
[    0.721046] Freeing unused kernel image memory: 2008K
[    0.721873] Freeing unused kernel image memory: 1880K
[    0.730900] x86/mm: Checked W+X mappings: passed, no W+X pages found.
Loading, please wait...
starting version 237
[    0.816474] e1000: Intel(R) PRO/1000 Network Driver - version 7.3.21-k8-NAPI
[    0.817264] e1000: Copyright (c) 1999-2006 Intel Corporation.
[    0.822261] Fusion MPT base driver 3.04.20
[    0.822753] Copyright (c) 1999-2008 LSI Corporation
[    0.831314] Fusion MPT SPI Host driver 3.04.20
[    0.850408] AVX2 version of gcm_enc/dec engaged.
[    0.850922] AES CTR mode by8 optimization enabled
[    1.029181] input: ImExPS/2 Generic Explorer Mouse as /devices/platform/i8042/serio1/input/input4
[    1.181045] e1000 0000:00:03.0 eth0: (PCI:33MHz:32-bit) 02:83:96:c1:64:f9
[    1.182317] e1000 0000:00:03.0 eth0: Intel(R) PRO/1000 Network Connection
[    1.184198] mptbase: ioc0: Initiating bringup
[    1.280439] ioc0: LSI53C1030 A0: Capabilities={Initiator}
[    1.521320] scsi host2: ioc0: LSI53C1030 A0, FwRev=00000000h, Ports=1, MaxQ=256, IRQ=20
[    1.688488] scsi 2:0:0:0: Direct-Access     VBOX     HARDDISK         1.0  PQ: 0 ANSI: 5
[    1.690016] scsi target2:0:0: Beginning Domain Validation
[    1.693756] scsi target2:0:0: Domain Validation skipping write tests
[    1.694668] scsi target2:0:0: Ending Domain Validation
[    1.695590] scsi target2:0:0: asynchronous
[    1.696190] random: fast init done
[    1.697036] scsi 2:0:1:0: Direct-Access     VBOX     HARDDISK         1.0  PQ: 0 ANSI: 5
[    1.698130] scsi target2:0:1: Beginning Domain Validation
[    1.699518] scsi target2:0:1: Domain Validation skipping write tests
[    1.700290] scsi target2:0:1: Ending Domain Validation
[    1.701001] scsi target2:0:1: asynchronous
[    1.704559] random: systemd-udevd: uninitialized urandom read (16 bytes read)
[    1.705119] random: systemd-udevd: uninitialized urandom read (16 bytes read)
[    1.705742] random: systemd-udevd: uninitialized urandom read (16 bytes read)
[    1.706799] sd 2:0:0:0: [sda] 20971520 512-byte logical blocks: (10.7 GB/10.0 GiB)
[    1.707429] sd 2:0:0:0: [sda] Write Protect is off
[    1.707855] sd 2:0:0:0: [sda] Incomplete mode parameter data
[    1.708264] sd 2:0:0:0: [sda] Assuming drive cache: write through
[    1.709413] sd 2:0:0:0: Attached scsi generic sg0 type 0
[    1.710637] sd 2:0:1:0: [sdb] 20480 512-byte logical blocks: (10.5 MB/10.0 MiB)
[    1.711190] sd 2:0:1:0: [sdb] Write Protect is off
[    1.712059] sd 2:0:1:0: [sdb] Incomplete mode parameter data
[    1.712502] sd 2:0:1:0: [sdb] Assuming drive cache: write through
[    1.713463] sd 2:0:1:0: Attached scsi generic sg1 type 0
[    1.713939]  sda: sda1
[    1.714642] sd 2:0:0:0: [sda] Attached SCSI disk
[    1.715994] sd 2:0:1:0: [sdb] Attached SCSI disk
[    2.044264] e1000 0000:00:08.0 eth1: (PCI:33MHz:32-bit) 08:00:27:e6:fe:e8
[    2.045283] e1000 0000:00:08.0 eth1: Intel(R) PRO/1000 Network Connection
[    2.047385] e1000 0000:00:08.0 enp0s8: renamed from eth1
[    2.050036] e1000 0000:00:03.0 enp0s3: renamed from eth0
Begin: Loading essential drivers ... [    3.421401] raid6: sse2x1   gen()  6948 MB/s
[    3.469388] raid6: sse2x1   xor()  6292 MB/s
[    3.517403] raid6: sse2x2   gen() 13456 MB/s
[    3.565433] raid6: sse2x2   xor()  8381 MB/s
[    3.612059] raid6: sse2x4   gen() 14604 MB/s
[    3.661401] raid6: sse2x4   xor()  8111 MB/s
[    3.708395] raid6: avx2x1   gen() 15201 MB/s
[    3.756137] raid6: avx2x1   xor()  9085 MB/s
[    3.804137] raid6: avx2x2   gen() 18925 MB/s
[    3.852136] raid6: avx2x2   xor() 12279 MB/s
[    3.900136] raid6: avx2x4   gen() 22182 MB/s
[    3.948143] raid6: avx2x4   xor() 12258 MB/s
[    3.948609] raid6: using algorithm avx2x4 gen() 22182 MB/s
[    3.949132] raid6: .... xor() 12258 MB/s, rmw enabled
[    3.949642] raid6: using avx2x2 recovery algorithm
[    3.951557] xor: automatically using best checksumming function   avx       
[    3.953313] async_tx: api initialized (async)
done.
Begin: Running /scripts/init-premount ... done.
Begin: Mounting root file system ... Begin: Running /scripts/local-top ... done.
Begin: Running /scripts/local-premount ... [    3.998525] Btrfs loaded, crc32c=crc32c-intel
Scanning for Btrfs filesystems
done.
Warning: fsck not present, so skipping root file system
[    4.026690] EXT4-fs (sda1): mounted filesystem with ordered data mode. Opts: (null)
done.
Begin: Running /scripts/local-bottom ... done.
Begin: Running /scripts/init-bottom ... done.
[    4.213578] ip_tables: (C) 2000-2006 Netfilter Core Team
[    4.223468] systemd[1]: systemd 237 running in system mode. (+PAM +AUDIT +SELINUX +IMA +APPARMOR +SMACK +SYSVINIT +UTMP +LIBCRYPTSETUP +GCRYPT +GNUTLS +ACL +XZ +LZ4 +SECCOMP +BLKID +ELFUTILS +KMOD -IDN2 +IDN -PCRE2 default-hierarchy=hybrid)
[    4.225153] systemd[1]: Detected virtualization oracle.
[    4.225601] systemd[1]: Detected architecture x86-64.

Welcome to [1mUbuntu 18.04.3 LTS[0m!

[    4.243161] systemd[1]: Set hostname to <ubuntu>.
[    4.247024] systemd[1]: Initializing machine ID from random generator.
[    4.248286] systemd[1]: Installed transient /etc/machine-id file.
[    4.519571] systemd[1]: Started Forward Password Requests to Wall Directory Watch.
[[0;32m  OK  [0m] Started Forward Password Requests to Wall Directory Watch.
[    4.521170] systemd[1]: Reached target User and Group Name Lookups.
[[0;32m  OK  [0m] Reached target User and Group Name Lookups.
[    4.522448] systemd[1]: Reached target Swap.
[[0;32m  OK  [0m] Reached target Swap.
[    4.524007] systemd[1]: Created slice User and Session Slice.
[[0;32m  OK  [0m] Created slice User and Session Slice.
[[0;32m  OK  [0m] Created slice System Slice.
[[0;32m  OK  [0m] Listening on Journal Socket (/dev/log).
[[0;32m  OK  [0m] Reached target Slices.
[[0;32m  OK  [0m] Listening on Network Service Netlink Socket.
[[0;32m  OK  [0m] Listening on LVM2 poll daemon socket.
[[0;32m  OK  [0m] Listening on udev Control Socket.
[[0;32m  OK  [0m] Listening on Syslog Socket.
[[0;32m  OK  [0m] Listening on LVM2 metadata daemon socket.
[[0;32m  OK  [0m] Listening on Journal Socket.
         Starting Uncomplicated firewall...
         Starting Create list of required st…ce nodes for the current kernel...
         Mounting Huge Pages File System...
         Starting Load Kernel Modules...
         Starting Remount Root and Kernel File Systems...
         Starting Set the console keyboard layout...
         Mounting POSIX Message Queue File System...
         Mounting Kernel Debug File System...
[[0;32m  OK  [0m] Listening on /dev/initctl Compatibility Named Pipe.
[[0;32m  OK  [0m] Created slice system-serial\x2dgetty.slice.
[[0;32m  OK  [0m] Listening on udev Kernel Socket.
         Starting udev Coldplug all Devices...
[[0;32m  OK  [0m] Listening on Journal Audit Socket.
         Starting Journal Service...
[[0;32m  OK  [0m] Set up automount Arbitrary Executab…rmats File System Automount Point.
[    4.569554] Loading iSCSI transport class v2.0-870.
[    4.577644] iscsi: registered transport (tcp)
[[0;32m  OK  [0m] Reached target System Time Synchronized.
[[0;32m  OK  [0m] Listening on Device-mapper event daemon FIFOs.
         Starting Monitoring of LVM2 mirrors…ng dmeventd or progress polling...
[[0;32m  OK  [0m] Started Uncomplicated firewall.
[[0;32m  OK  [0m] Started Create list of required sta…vice nodes for the current kernel.
[[0;32m  OK  [0m] Mounted Huge Pages File System.
[[0;32m  OK  [0m] Mounted POSIX Message Queue File System.
[[0;32m  OK  [0m] Mounted Kernel Debug File System.
         Starting Create Static Device Nodes in /dev...
[    4.649535] EXT4-fs (sda1): re-mounted. Opts: (null)
[[0;32m  OK  [0m] Started Remount Root and Kernel File Systems.
         Starting Load/Save Random Seed...
[    4.682633] iscsi: registered transport (iser)
[[0;32m  OK  [0m] Started Load Kernel Modules.
[[0;32m  OK  [0m] Started Create Static Device Nodes in /dev.
         Starting udev Kernel Device Manager...
         Starting Apply Kernel Variables...
         Mounting FUSE Control File System...
         Mounting Kernel Configuration File System...
[[0;32m  OK  [0m] Mounted FUSE Control File System.
[[0;32m  OK  [0m] Mounted Kernel Configuration File System.
[[0;32m  OK  [0m] Started Journal Service.
[[0;32m  OK  [0m] Started udev Coldplug all Devices.
[[0;32m  OK  [0m] Started Load/Save Random Seed.
         Starting Flush Journal to Persistent Storage...
[[0;32m  OK  [0m] Started udev Kernel Device Manager.
[[0;32m  OK  [0m] Started LVM2 metadata daemon.
[[0;32m  OK  [0m] Started Apply Kernel Variables.
[[0;32m  OK  [0m] Started Monitoring of LVM2 mirrors,…sing dmeventd or progress polling.
[[0;32m  OK  [0m] Started Flush Journal to Persistent Storage.
[[0;32m  OK  [0m] Started Set the console keyboard layout.
[[0;32m  OK  [0m] Started Dispatch Password Requests to Console Directory Watch.
[[0;32m  OK  [0m] Reached target Local Encrypted Volumes.
[[0;32m  OK  [0m] Reached target Local File Systems (Pre).
[[0;32m  OK  [0m] Reached target Local File Systems.
         Starting Commit a transient machine-id on disk...
         Starting AppArmor initialization...
         Starting Tell Plymouth To Write Out Runtime Data...
         Starting ebtables ruleset management...
         Starting Set console font and keymap...
         Starting Create Volatile Files and Directories...
[[0;32m  OK  [0m] Started Tell Plymouth To Write Out Runtime Data.
[[0;32m  OK  [0m] Started Commit a transient machine-id on disk.
[[0;32m  OK  [0m] Started Set console font and keymap.
[[0;32m  OK  [0m] Started Create Volatile Files and Directories.
         Starting Update UTMP about System Boot/Shutdown...
[[0;32m  OK  [0m] Started Update UTMP about System Boot/Shutdown.
[[0;32m  OK  [0m] Started ebtables ruleset management.
[[0;32m  OK  [0m] Found device /dev/ttyS0.
[[0;32m  OK  [0m] Listening on Load/Save RF Kill Switch Status /dev/rfkill Watch.
[[0;32m  OK  [0m] Started AppArmor initialization.
         Starting Initial cloud-init job (pre-networking)...
[    7.565569] cloud-init[536]: Cloud-init v. 19.2-36-g059d049c-0ubuntu2~18.04.1 running 'init-local' at Tue, 28 Jan 2020 00:12:12 +0000. Up 7.22 seconds.
[[0;32m  OK  [0m] Started Initial cloud-init job (pre-networking).
[[0;32m  OK  [0m] Reached target Network (Pre).
         Starting Network Service...
[[0;32m  OK  [0m] Started Network Service.
         Starting Wait for Network to be Configured...
         Starting Network Name Resolution...
[[0;32m  OK  [0m] Started Network Name Resolution.
[[0;32m  OK  [0m] Reached target Host and Network Name Lookups.
[[0;32m  OK  [0m] Reached target Network.
[[0;32m  OK  [0m] Started Wait for Network to be Configured.
         Starting Initial cloud-init job (metadata service crawler)...
[   10.206289] cloud-init[640]: Cloud-init v. 19.2-36-g059d049c-0ubuntu2~18.04.1 running 'init' at Tue, 28 Jan 2020 00:12:14 +0000. Up 10.03 seconds.
[   10.207000] cloud-init[640]: ci-info: ++++++++++++++++++++++++++++++++++++++Net device info+++++++++++++++++++++++++++++++++++++++
[   10.208463] cloud-init[640]: ci-info: +--------+-------+----------------------------+---------------+--------+-------------------+
[   10.209260] cloud-init[640]: ci-info: | Device |   Up  |          Address           |      Mask     | Scope  |     Hw-Address    |
[   10.209883] cloud-init[640]: ci-info: +--------+-------+----------------------------+---------------+--------+-------------------+
[   10.212217] cloud-init[640]: ci-info: | enp0s3 |  True |         10.0.2.15          | 255.255.255.0 | global | 02:83:96:c1:64:f9 |
[   10.212820] cloud-init[640]: ci-info: | enp0s3 |  True | fe80::83:96ff:fec1:64f9/64 |       .       |  link  | 02:83:96:c1:64:f9 |
[   10.224445] cloud-init[640]: ci-info: | enp0s8 | False |             .              |       .       |   .    | 08:00:27:e6:fe:e8 |
[   10.225986] cloud-init[640]: ci-info: |   lo   |  True |         127.0.0.1          |   255.0.0.0   |  host  |         .         |
[   10.226629] cloud-init[640]: ci-info: |   lo   |  True |          ::1/128           |       .       |  host  |         .         |
[   10.227300] cloud-init[640]: ci-info: +--------+-------+----------------------------+---------------+--------+-------------------+
[   10.227907] cloud-init[640]: ci-info: ++++++++++++++++++++++++++++Route IPv4 info+++++++++++++++++++++++++++++
[   10.228523] cloud-init[640]: ci-info: +-------+-------------+----------+-----------------+-----------+-------+
[   10.230286] cloud-init[640]: ci-info: | Route | Destination | Gateway  |     Genmask     | Interface | Flags |
[   10.231426] cloud-init[640]: ci-info: +-------+-------------+----------+-----------------+-----------+-------+
[   10.233254] cloud-init[640]: ci-info: |   0   |   0.0.0.0   | 10.0.2.2 |     0.0.0.0     |   enp0s3  |   UG  |
[   10.234154] cloud-init[640]: ci-info: |   1   |   10.0.2.0  | 0.0.0.0  |  255.255.255.0  |   enp0s3  |   U   |
[   10.235243] cloud-init[640]: ci-info: |   2   |   10.0.2.2  | 0.0.0.0  | 255.255.255.255 |   enp0s3  |   UH  |
[   10.236826] cloud-init[640]: ci-info: +-------+-------------+----------+-----------------+-----------+-------+
[   10.240402] cloud-init[640]: ci-info: +++++++++++++++++++Route IPv6 info+++++++++++++++++++
[   10.240900] cloud-init[640]: ci-info: +-------+-------------+---------+-----------+-------+
[   10.241448] cloud-init[640]: ci-info: | Route | Destination | Gateway | Interface | Flags |
[   10.241910] cloud-init[640]: ci-info: +-------+-------------+---------+-----------+-------+
[   10.242409] cloud-init[640]: ci-info: |   1   |  fe80::/64  |    ::   |   enp0s3  |   U   |
[   10.242887] cloud-init[640]: ci-info: |   3   |    local    |    ::   |   enp0s3  |   U   |
[   10.244294] cloud-init[640]: ci-info: |   4   |   ff00::/8  |    ::   |   enp0s3  |   U   |
[   10.244840] cloud-init[640]: ci-info: +-------+-------------+---------+-----------+-------+
[   10.814604] cloud-init[640]: Generating public/private rsa key pair.
[   10.815211] cloud-init[640]: Your identification has been saved in /etc/ssh/ssh_host_rsa_key.
[   10.815805] cloud-init[640]: Your public key has been saved in /etc/ssh/ssh_host_rsa_key.pub.
[   10.816357] cloud-init[640]: The key fingerprint is:
[   10.816794] cloud-init[640]: SHA256:dz4G6ru7n7BU2eFmSzTXMUMAl0MYl8JC9urdX60+56w root@ubuntu-bionic
[   10.817527] cloud-init[640]: The key's randomart image is:
[   10.820270] cloud-init[640]: +---[RSA 2048]----+
[   10.820794] cloud-init[640]: |        .o.o==== |
[   10.821170] cloud-init[640]: |        ...+o+ .+|
[   10.821665] cloud-init[640]: |          ..= o .|
[   10.822063] cloud-init[640]: |          .= +   |
[   10.824365] cloud-init[640]: |        S.= B    |
[   10.824964] cloud-init[640]: |        .+.B..  .|
[   10.825458] cloud-init[640]: |        +. .=.  o|
[   10.825968] cloud-init[640]: |       o o o .ooo|
[   10.828334] cloud-init[640]: |        B*o  .E*o|
[   10.828728] cloud-init[640]: +----[SHA256]-----+
[   10.829099] cloud-init[640]: Generating public/private dsa key pair.
[   10.829705] cloud-init[640]: Your identification has been saved in /etc/ssh/ssh_host_dsa_key.
[   10.830256] cloud-init[640]: Your public key has been saved in /etc/ssh/ssh_host_dsa_key.pub.
[   10.832321] cloud-init[640]: The key fingerprint is:
[   10.836302] cloud-init[640]: SHA256:JCYZ1p1vUVg3ggtgpiciffLCzG/EOTQVYdknao9RNxg root@ubuntu-bionic
[   10.836950] cloud-init[640]: The key's randomart image is:
[   10.837518] cloud-init[640]: +---[DSA 1024]----+
[   10.837957] cloud-init[640]: |    o.OBE+ =+ o  |
[   10.838390] cloud-init[640]: | . . Oo O B  o . |
[   10.838825] cloud-init[640]: |. + O +o.* +     |
[   10.839249] cloud-init[640]: | = B B+o  +      |
[   10.839696] cloud-init[640]: |  = *. +S.       |
[   10.840154] cloud-init[640]: |   + .. .        |
[   10.844286] cloud-init[640]: |    o            |
[   10.844835] cloud-init[640]: |   .             |
[   10.845224] cloud-init[640]: |                 |
[   10.845717] cloud-init[640]: +----[SHA256]-----+
[   10.846136] cloud-init[640]: Generating public/private ecdsa key pair.
[   10.846521] cloud-init[640]: Your identification has been saved in /etc/ssh/ssh_host_ecdsa_key.
[   10.847029] cloud-init[640]: Your public key has been saved in /etc/ssh/ssh_host_ecdsa_key.pub.
[   10.847582] cloud-init[640]: The key fingerprint is:
[   10.848170] cloud-init[640]: SHA256:DQC2nJsg8n0qRfdEicLNys03z/89RAOKHI2ZlQkqty8 root@ubuntu-bionic
[   10.852271] cloud-init[640]: The key's randomart image is:
[   10.852794] cloud-init[640]: +---[ECDSA 256]---+
[   10.853228] cloud-init[640]: |   .o+...oB.o    |
[   10.853675] cloud-init[640]: |   ooo+oo= + .   |
[   10.854063] cloud-init[640]: |o ..=*.o+ o . .  |
[   10.854415] cloud-init[640]: |.o +o+=o+= .   o |
[   10.854839] cloud-init[640]: |  . = .oS+.   . .|
[   10.855217] cloud-init[640]: |   . o  . o    . |
[   10.856188] cloud-init[640]: |  . .  E . .  .  |
[   10.860410] cloud-init[640]: |   .    .   .  o |
[   10.861014] cloud-init[640]: |             .. o|
[   10.861473] cloud-init[640]: +----[SHA256]-----+
[   10.861891] cloud-init[640]: Generating public/private ed25519 key pair.
[   10.862376] cloud-init[640]: Your identification has been saved in /etc/ssh/ssh_host_ed25519_key.
[   10.862931] cloud-init[640]: Your public key has been saved in /etc/ssh/ssh_host_ed25519_key.pub.
[   10.863488] cloud-init[640]: The key fingerprint is:
[   10.868308] cloud-init[640]: SHA256:HEiwoOkQ/8y6R+Lx21tVOFm1ApRdEK59LlYdl3ZelPo root@ubuntu-bionic
[   10.868980] cloud-init[640]: The key's randomart image is:
[   10.869666] cloud-init[640]: +--[ED25519 256]--+
[   10.870200] cloud-init[640]: |. . ...  .oo+=o o|
[   10.870693] cloud-init[640]: | = . o .  .*.  +.|
[   10.871196] cloud-init[640]: |+ . . . . + + o++|
[   10.871703] cloud-init[640]: |o  +   . . = o.o=|
[   10.872242] cloud-init[640]: | .  +   S o . + o|
[   10.884306] cloud-init[640]: |  o..    .   + E |
[   10.884709] cloud-init[640]: | ..=    .   o .  |
[   10.885116] cloud-init[640]: |  ..o. .   . .   |
[   10.885786] cloud-init[640]: |  ....o.         |
[   10.886332] cloud-init[640]: +----[SHA256]-----+
[[0;32m  OK  [0m] Started Initial cloud-init job (metadata service crawler).
[[0;32m  OK  [0m] Reached target System Initialization.
         Starting LXD - unix socket.
[[0;32m  OK  [0m] Listening on UUID daemon activation socket.
[[0;32m  OK  [0m] Listening on Open-iSCSI iscsid Socket.
[[0;32m  OK  [0m] Started Daily Cleanup of Temporary Directories.
[[0;32m  OK  [0m] Listening on D-Bus System Message Bus Socket.
[[0;32m  OK  [0m] Started ACPI Events Check.
[[0;32m  OK  [0m] Reached target Paths.
[[0;32m  OK  [0m] Listening on ACPID Listen Socket.
[[0;32m  OK  [0m] Started Discard unused blocks once a week.
[[0;32m  OK  [0m] Started Daily apt download activities.
[[0;32m  OK  [0m] Started Daily apt upgrade and clean activities.
[[0;32m  OK  [0m] Started Message of the Day.
[[0;32m  OK  [0m] Reached target Timers.
         Starting Socket activation for snappy daemon.
[[0;32m  OK  [0m] Reached target Cloud-config availability.
[[0;32m  OK  [0m] Reached target Network is Online.
[[0;32m  OK  [0m] Reached target Remote File Systems (Pre).
[[0;32m  OK  [0m] Reached target Remote File Systems.
         Starting Availability of block devices...
[[0;32m  OK  [0m] Listening on LXD - unix socket.
[[0;32m  OK  [0m] Listening on Socket activation for snappy daemon.
[[0;32m  OK  [0m] Reached target Sockets.
[[0;32m  OK  [0m] Reached target Basic System.
[[0;32m  OK  [0m] Started Deferred execution scheduler.
         Starting Permit User Sessions...
         Starting System Logging Service...
[[0;32m  OK  [0m] Started irqbalance daemon.
         Starting LSB: Record successful boot for GRUB...
[[0;32m  OK  [0m] Started Regular background program processing daemon.
         Starting LXD - container startup/shutdown...
         Starting Login Service...
         Starting Virtualbox guest utils...
         Starting Accounts Service...
         Starting LSB: automatic crash report generation...
         Starting Dispatcher daemon for systemd-networkd...
         Starting Snappy daemon...
[[0;32m  OK  [0m] Started FUSE filesystem for LXC.
[[0;32m  OK  [0m] Started D-Bus System Message Bus.
[[0;32m  OK  [0m] Started Login Service.
[[0;32m  OK  [0m] Started Unattended Upgrades Shutdown.
         Starting Pollinate to seed the pseudo random number generator...
[[0;32m  OK  [0m] Started System Logging Service.
[[0;32m  OK  [0m] Started Availability of block devices.
[[0;32m  OK  [0m] Started Permit User Sessions.
         Starting Authorization Manager...
         Starting Terminate Plymouth Boot Screen...
         Starting Hold until boot process finishes up...
[[0;32m  OK  [0m] Started Hold until boot process finishes up.
[[0;32m  OK  [0m] Started Serial Getty on ttyS0.
         Starting Set console scheme...
[[0;32m  OK  [0m] Started Terminate Plymouth Boot Screen.
[[0;32m  OK  [0m] Started LXD - container startup/shutdown.
[[0;32m  OK  [0m] Started Set console scheme.
[[0;32m  OK  [0m] Created slice system-getty.slice.
[[0;32m  OK  [0m] Started Getty on tty1.
[[0;32m  OK  [0m] Reached target Login Prompts.
[[0;32m  OK  [0m] Started LSB: automatic crash report generation.
[[0;32m  OK  [0m] Started Authorization Manager.
[[0;32m  OK  [0m] Started Accounts Service.
[[0;32m  OK  [0m] Started LSB: Record successful boot for GRUB.
[[0;32m  OK  [0m] Started Virtualbox guest utils.
[[0;32m  OK  [0m] Started Dispatcher daemon for systemd-networkd.
[[0;32m  OK  [0m] Started Snappy daemon.
         Starting Wait until snapd is fully seeded...
[[0;32m  OK  [0m] Started Pollinate to seed the pseudo random number generator.
         Starting OpenBSD Secure Shell server...
[[0;32m  OK  [0m] Started OpenBSD Secure Shell server.
[[0;32m  OK  [0m] Created slice User Slice of vagrant.
         Starting User Manager for UID 1000...
[[0;32m  OK  [0m] Started Session 1 of user vagrant.
[[0;32m  OK  [0m] Started User Manager for UID 1000.

Ubuntu 18.04.3 LTS ubuntu-bionic ttyS0

ubuntu-bionic login: [   19.018933] cloud-init[1252]: Cloud-init v. 19.2-36-g059d049c-0ubuntu2~18.04.1 running 'modules:config' at Tue, 28 Jan 2020 00:12:23 +0000. Up 18.40 seconds.
ci-info: no authorized ssh keys fingerprints found for user ubuntu.
<14>Jan 28 00:12:24 ec2: 
<14>Jan 28 00:12:24 ec2: #############################################################
<14>Jan 28 00:12:24 ec2: -----BEGIN SSH HOST KEY FINGERPRINTS-----
<14>Jan 28 00:12:24 ec2: 1024 SHA256:JCYZ1p1vUVg3ggtgpiciffLCzG/EOTQVYdknao9RNxg root@ubuntu-bionic (DSA)
<14>Jan 28 00:12:24 ec2: 256 SHA256:DQC2nJsg8n0qRfdEicLNys03z/89RAOKHI2ZlQkqty8 root@ubuntu-bionic (ECDSA)
<14>Jan 28 00:12:24 ec2: 256 SHA256:HEiwoOkQ/8y6R+Lx21tVOFm1ApRdEK59LlYdl3ZelPo root@ubuntu-bionic (ED25519)
<14>Jan 28 00:12:24 ec2: 2048 SHA256:dz4G6ru7n7BU2eFmSzTXMUMAl0MYl8JC9urdX60+56w root@ubuntu-bionic (RSA)
<14>Jan 28 00:12:24 ec2: -----END SSH HOST KEY FINGERPRINTS-----
<14>Jan 28 00:12:24 ec2: #############################################################
-----BEGIN SSH HOST KEY KEYS-----
ecdsa-sha2-nistp256 AAAAE2VjZHNhLXNoYTItbmlzdHAyNTYAAAAIbmlzdHAyNTYAAABBBGcyUx0LTijq1xtQE1N6drw7d1Quo0NbFXb86I2o1BTgE9rLGTYLJfxMMPbREurO2iOxUPX/3fNNmGmYR5gNiH0= root@ubuntu-bionic
ssh-ed25519 AAAAC3NzaC1lZDI1NTE5AAAAIMm06OwZt66G0WNHKUSPuHjvWEYJrD+13S8T02iq4AWg root@ubuntu-bionic
ssh-rsa AAAAB3NzaC1yc2EAAAADAQABAAABAQC1kjQkbx+sVJlQ4MVu7po8eszz1V0xkkdkuDsQXgbE3TbKYgcVd8IFyf29UiLFrtyD0wIkrshS7bnTkSSubMqAwZrvjz3D0QrxySRvFrJphskUBlgNlxseLXL2NQt07YLLjhm3vDh8/Fv4gInN6GBkTbx2sJ3A1773rJf/8gLhp2nQ0ZtjnAuUuUZDMro6wYD8CQzm0EZaWUsYIou6erdkTlomFIiUNYMWv2codmtD9T4srV/fmn1k8vp8ydI7mbtOciilEucLhZtUxMqvuPFAm/j7F4u/SLtH1OctyhOk09M1UKtCo9zAEotmrX8LteDmh2ofoL0QkQcFmTwY1Do3 root@ubuntu-bionic
-----END SSH HOST KEY KEYS-----
[   19.990907] cloud-init[1353]: Cloud-init v. 19.2-36-g059d049c-0ubuntu2~18.04.1 running 'modules:final' at Tue, 28 Jan 2020 00:12:24 +0000. Up 19.70 seconds.
[   19.991542] cloud-init[1353]: ci-info: no authorized ssh keys fingerprints found for user ubuntu.
[   19.992220] cloud-init[1353]: Cloud-init v. 19.2-36-g059d049c-0ubuntu2~18.04.1 finished at Tue, 28 Jan 2020 00:12:24 +0000. Datasource DataSourceNoCloud [seed=/dev/sdb][dsmode=net].  Up 19.97 seconds
